<?xml version="1.0" encoding="UTF-8"?>
<!-- Generated by org.testng.reporters.JUnitReportReporter -->
<testsuite hostname="LenovoIdeapad" failures="0" tests="1" name="tests.CheckoutFlowTest" time="4.408" errors="0" timestamp="2025-05-22T17:26:44 IST" skipped="0">
  <testcase classname="tests.CheckoutFlowTest" name="testCheckoutFlow" time="4.408"/>
</testsuite> <!-- tests.CheckoutFlowTest -->
