<?xml version="1.0" encoding="UTF-8"?>
<!-- Generated by org.testng.reporters.JUnitReportReporter -->
<testsuite hostname="LenovoIdeapad" failures="0" tests="1" name="tests.AddToCartTest" time="1.776" errors="0" timestamp="2025-05-19T12:30:55 IST" skipped="0">
  <testcase classname="tests.AddToCartTest" name="testAddToCart" time="1.776"/>
</testsuite> <!-- tests.AddToCartTest -->
